<?xml version="1.0" encoding="UTF-8"?>
<!-- Generated by org.testng.reporters.JUnitReportReporter -->
<testsuite hostname="CR7" failures="1" tests="7" name="LibraryAPI.LibraryAPI" time="13.497" errors="0" timestamp="2024-10-17T21:53:26 EDT" skipped="0">
  <testcase classname="LibraryAPI.LibraryAPI" name="NewBook" time="0.787"/>
  <testcase classname="LibraryAPI.LibraryAPI" name="NewBook" time="3.483"/>
  <testcase classname="LibraryAPI.LibraryAPI" name="GetBook" time="0.792"/>
  <testcase classname="LibraryAPI.LibraryAPI" name="GetBook" time="1.395"/>
  <testcase classname="LibraryAPI.LibraryAPI" name="GetAllBooks" time="5.553">
    <failure message="The following asserts failed:
	expected [Learn Appium Automation with Java] but found [Learn Appium Automation with Java1234567]" type="java.lang.AssertionError">
      <![CDATA[java.lang.AssertionError: The following asserts failed:
expected [Learn Appium Automation with Java] but found [Learn Appium Automation with Java1234567]
at org.testng.asserts.SoftAssert.assertAll(SoftAssert.java:46)
at org.testng.asserts.SoftAssert.assertAll(SoftAssert.java:30)
at LibraryAPI.LibraryAPI.GetAllBooks(LibraryAPI.java:106)
at java.base/jdk.internal.reflect.DirectMethodHandleAccessor.invoke(DirectMethodHandleAccessor.java:103)
at java.base/java.lang.reflect.Method.invoke(Method.java:580)
at org.testng.internal.invokers.MethodInvocationHelper.invokeMethod(MethodInvocationHelper.java:141)
at org.testng.internal.invokers.TestInvoker.invokeMethod(TestInvoker.java:686)
at org.testng.internal.invokers.TestInvoker.invokeTestMethod(TestInvoker.java:230)
at org.testng.internal.invokers.MethodRunner.runInSequence(MethodRunner.java:63)
at org.testng.internal.invokers.TestInvoker$MethodInvocationAgent.invoke(TestInvoker.java:992)
at org.testng.internal.invokers.TestInvoker.invokeTestMethods(TestInvoker.java:203)
at org.testng.internal.invokers.TestMethodWorker.invokeTestMethods(TestMethodWorker.java:154)
at org.testng.internal.invokers.TestMethodWorker.run(TestMethodWorker.java:134)
at java.base/java.util.ArrayList.forEach(ArrayList.java:1596)
at org.testng.TestRunner.privateRun(TestRunner.java:739)
at org.testng.TestRunner.run(TestRunner.java:614)
at org.testng.SuiteRunner.runTest(SuiteRunner.java:421)
at org.testng.SuiteRunner.runSequentially(SuiteRunner.java:413)
at org.testng.SuiteRunner.privateRun(SuiteRunner.java:373)
at org.testng.SuiteRunner.run(SuiteRunner.java:312)
at org.testng.SuiteRunnerWorker.runSuite(SuiteRunnerWorker.java:52)
at org.testng.SuiteRunnerWorker.run(SuiteRunnerWorker.java:95)
at org.testng.TestNG.runSuitesSequentially(TestNG.java:1274)
at org.testng.TestNG.runSuitesLocally(TestNG.java:1208)
at org.testng.TestNG.runSuites(TestNG.java:1112)
at org.testng.TestNG.run(TestNG.java:1079)
at org.testng.remote.AbstractRemoteTestNG.run(AbstractRemoteTestNG.java:115)
at org.testng.remote.RemoteTestNG.initAndRun(RemoteTestNG.java:293)
at org.testng.remote.RemoteTestNG.main(RemoteTestNG.java:91)
]]>
    </failure>
  </testcase> <!-- GetAllBooks -->
  <testcase classname="LibraryAPI.LibraryAPI" name="RemoveBook" time="0.745"/>
  <testcase classname="LibraryAPI.LibraryAPI" name="RemoveBook" time="0.742"/>
</testsuite> <!-- LibraryAPI.LibraryAPI -->
